<?xml version="1.0" encoding="UTF-8"?>
<!-- Generated by org.testng.reporters.JUnitReportReporter -->
<testsuite hostname="P4ALAP-FXLZHG3" failures="0" tests="1" name="com.qa.testcases.Register" time="10.237" errors="0" timestamp="29 Dec 2023 08:01:49 GMT" skipped="0">
  <testcase classname="com.qa.testcases.Register" name="registerwithmandatory" time="10.237"/>
</testsuite> <!-- com.qa.testcases.Register -->
